[    .000000] Initializing cgroup subsys cpuset
[    0.000000] Initializing cgroup subsys cpu
[  0.0000] nitializing cgroup subsys cpuacct
[  0000000] Linux version 4.40-124-generic (buildd@lcy01-amd64-028) (gcc version 5.4.0 20160609 (Ubuntu 5.4.0-6ubuntu1~16.04.9) ) #148-Ubuntu SMP Wed May 21300:18 UTC 2018 (Ubuntu 4.4.0-124.148-generic 4.4.117)
[  0.000000] Command line: BOOT_IMAGE=/boot/vmlinuz-4.4.0-124-generic root=LABEL=cloudimg-rootfs ro console=tty1 console=ttyS0
[    0.000000] KERNEL supported cpus:
[    0.000000]   Intel GenuineIntel
[    0.000000]   AMD AuthenticAMD
[    0.000000]   Centaur CentaurHauls
[    0.000000] x86/fpu: xstate_offset[2]:  576, xstate_sis[]:  25
[    0.000000] x86/fpu: Supporting XSAVE feature 0x01: 'x87 flatng poinregiter
    0.000000] x86/fpu:uporting XSAVE feature 0x02: 'SSE registers'
[   0.000000] x86/fpu: Supportig XSAVE featu 0x04: 'AVX registrs'[   0.000000] x86/fpu: Enabled xstate features 0x7, context size is 832 bytes, usin'stndard' format.
[    0.000000] x86/fpu: Using 'lazy' FPU context switches.
[    0.000000] e820: BIOS-provided physical RAM map:
[    0.00000] BI-e820 [em0x0000000000000-0x000000000009fbff]sable
[   0.000000] BIOS-e820: [mem 0x000000000009fc00-0x000000000009ffff] reserved
[    0.000000] BIOS-e820: [mem 0x00000000000f0000x00000000ffff rserd
[    .0000] BIS-20: [mem 0x0000000000100000-0x00000000fefff] usable
[    0.000000] BIOS-e820: [mem 0x000000005fff0000-0x000000005fffffff] ACPI data
[    0.000000] BIOS-e820: [mem 0x00000000fec00000-0x00000000fec00fff] reserved
[    0.000000] BIOS-e80: [mem 0x00000000fee00000-0x00000000fee0ff] reseve
[    0.000000 BOS-e820:[m 0x00000000fffc0000-0x00000000ffffffff] reserved
[    0.00000]X (Execute Disable)prectin: active
[    0.000000] SMBIOS 2.5 present.
[   .0000] Hypervisor detected: KVM
[   0.00000] e820last_pfn = 0x5fff0 maxarh_fn = 0x400000000
[    0.000000] MTRR: Disabed
[    0.000] x86/PAT: RR disabled, skipping PAT initialization too.
[    0.000000] CPUMTs all an -viualize stem.
[    0.000000] x86/PAT: Configuration [0-7]: WB  WT  UC U  WB  WT  - C  
[  0.000000]found SMP MP-tabe at [mem 0x0009fff0-0x0009ffff] mapped at [ffff88000009fff0]
[    0.000000] Scanning 1 areas for low memory corruption
[    0.000000] RAMDISK: [mem 0xad2000-0x37560fff]
[    0.000000] ACPI: Early table checksum verification disale
[    0.000000] ACPI: RSDP 0x00000000000E0000 000024 (v02 VBOX  )
[  0000000] ACPI: XSDT 0x000000005FFF0030 00003C (v01 VBOX   VBOXXSDT 00000001 ASL  00000061)
[  0.000000] ACPI: FACP 0x000000005FFF00F0 0000F4 (v04 VBOX   VBOXFACP 00000001 ASL  00000061)
[   0.000000] ACPI: DSDT 0x000000005FFF00 021 (02 BO  VBOXBIOS 0000002 INTL 010528)
[    .0000] ACP FCS 0000000005FFF0200 000040
[    0.00000 ACP FCS 0x000000005FFF0200 000040
[    0.000000] ACPI: APIC 0x000000005FFF0240 00005C (v02 VBOX   VBOXAPIC 00000001 ASL  00000061)
[    0.000000] AI:SSDT 0x00000000FF2A0 0001C 01 VBOX VOXCPUT 000002 NT2000528)
[  0.000000] No NUM configuration found
[    .00000] Faking a nod at [mem 0x0000000000000000-0x000000005ffeffff]
[    0.000000] NODE_DATA(0) allocated [mem 0x5ffeb000-0x5ffeffff]
[    0.000000] kvm-clock: Using msrs 4b564d01 and 4b564d00
[    0.000000] kvm-clock: cpu 0, msr 0:5ffe3001, primary cpu clock
[   0.000000] kvm-clock: using sched offset of 3296002788 cycles
[    0.000000] clocksource: kvm-clock: mask: 0xffffffffffffffff max_cycles: 0x1cd42e4dffb, max_idle_ns: 881590591483 ns
[    0.000000] Zone ranges:
[    0.000000]   DMA      [mem 0x0000000000001000-0x0000000000ffffff]
[    0.000000]   DMA32    [mem 0x0000000001000000-0x000000005ffeffff]
[    0.000000]   Normal   empty
[    0.000000]   Device   empty
[    0.000000] Movable zone start for each node
[    0.000000] Early memory node ranges
[    0.000000]   node   0: [mem 0x0000000000001000-0x000000000009efff]
[    0.000000]   node   0: [mem 0x0000000000100000-0x000000005ffeffff]
[    0.000000] Initmem setup node 0 [mem 0x0000000000001000-0x000000005ffeffff]
[    0.000000] ACPI: PM-Timer IO Port: 0x4008
[    0.000000] IOAPIC[0]: apic_id 2, version 32, address 0xfec00000, GSI 0-23
[    0.000000] ACPI: INT_SRC_OVR (bus 0 bus_irq 0 global_irq 2 dfl dfl)
[    0.000000] ACPI: INT_SRC_OVR (bus 0 bus_irq 9 global_irq 9 low level)
[    0.000000] Using ACPI (MADT) for SMP configuration information
[    0.000000] smpboot: Allowing 2 CPUs, 0 hotplug CPUs
[    0.000000] PM: Registered nosave memory: [mem 0x00000000-0x00000fff]
[    0.000000] PM: Registered nosave memory: [mem 0x0009f000-0x0009ffff]
[    0.000000] PM: Registered nosave memory: [mem 0x000a0000-0x000effff]
[    0.000000] PM: Registered nosave memory: [mem 0x000f0000-0x000fffff]
[    0.000000] e820: [mem 0x60000000-0xfebfffff] available for PCI devices
[    0.000000] Booting paravirtualized kernel on KVM
[    0.000000] clocksourc: refined-jiffies: mask: 0xffffffff max_cycles: 0xffffffff, max_idle_ns: 7645519600211568 ns
[    0.000000] setup_percpu: NR_CPUS:512 nr_cpumask_bits:512 nr_cpu_ids:2 nr_node_ids:1
[    .000000] PERCPU: Embedded 34 pages/cpu @ffff88005fc00000 s99544 r8192 d31528 u1048576
[    0.000000] PV qspinlock hash table entries: 256 (order: 0, 4096 bytes)
[    0.000000] Built 1 zonelists in Node order, mobility grouping on.  Total pages: 386936
[    0.000000] Policy zone: DMA32
[    0.000000] Kernel command line: BOOT_IMAGE=/boot/vmlinuz-4.4.0-124-genric root=LABEL=cloudimg-rootfs ro console=tty1 console=ttyS0
[    0.000000] PID hash table entries: 4096 (order: 3, 32768 bytes)
[    0.000000] Memory: 1517808K/1572408K available (8532K kernel code, 1313K rwdata, 3996K rodata, 1508K init, 1316K bss, 54600K reserved, 0K cma-reserved)
[    0.000000] SLUB: HWalign=64, Order=0-3, MinObjects=0, CPUs=2, Nodes=1
[    0.000000] Kernel/User page tables isolation: enabled
[    0.000000] Hierarchical RCU implementation.
[    0.000000] 	Build-time adjustment of leaf fanout to 64.
[    0.000000] 	RCU restricting CPUs from NR_CPUS=512 to nr_cpu_ids=2.
[    0.000000] RCU: Adjusting geometry for rcu_fanout_leaf=64, nr_cpu_ids=2
[    0.000000] NR_IRQS:33024 nr_irqs:440 16
[    0.000000] Console: colour VGA+ 80x25
[    0.000000] console [tty1] enabled
[    0.000000] console [ttyS0] enabled
[    0.000000] tsc: Detected 3191.998 MHz processor
[    3.951860] Calibrating delay loop (skipped) preset value.. 6383.99 BogoMIPS (lpj=12767992)
[    3.955273] pid_max: default: 32768 minimum: 301
[    3.957002] ACPI: Core reviision 20150930
[    3.961017] ACPI: 2 ACPI AML tables successfully acquired and loaded
[    3.963607] Security Framework initialized
[    3.965429] Yama: becoming mindful.
[    3.967051] AppArmor: AppArmor initialized
[    3.977629] Dentry cache hash table entries: 262144 (order: 9, 2097152 bytes)
[    3.980616] Inode-cache hash table entries: 131072 (order: 8, 1048576 bytes)
[    3.985032] Mount-cache hash table entries: 4096 (order: 3, 32768 bytes)
[    3.987707] Mountpoint-cache hash table entries: 4096 (order: 3, 32768 bytes)
[    3.990467] Initializing cgroup subsys io
[    3.992094] Initializing cgroup subsys memory
[    3.994026] Initializing cgroup subsys devices
[    3.995800] Initializing cgroup subsys freezer
[    3.997662] Initializing cgroup subsys net_cls
[    3.999644] Initializing cgroup subsys perf_event
[    4.008315] Initializing cgroup subsys net_prio
[    4.011695] Initializing cgroup subsys hugetlb
[    4.013349] Initializing cgroup subsys pids
[    4.015162] CPU: Physical Processor ID: 0
[    4.016699] CPU: Processor Core ID: 0
[    4.018348] FEATURE SPEC_CTRL Not Present
[    4.020917] mce: CPU supports 0 MCE banks
[    4.022498] Last level iTLB entries: 4KB 128, 2MB 8, 4MB 8
[    4.024522] Last level dTLB entries: 4KB 64, 2MB 0, 4MB 0, 1GB 4
[    4.026649] Spectre V2 mitigation: Mitigation: Full generic retpoline
[    4.029264] Spectre V2 mitigation: Speculation control IBPB not-supported IBRS not-supported
[    4.036147] Spectre V2 mitigation: Filling RSB on context switch
[    4.040983] Freeing SMP alternatives memory: 32K
[    4.051393] ftrace: allocating 32202 entries in 126 pages
[    4.112278] smpboot: APIC(0) Converting physical 0 to logical package 0
[    4.114705] smpboot: Max logical packages: 1
[    4.119628] x2apic enabled
[    4.121199] Switched APIC routing to physical x2apic.
[    4.124488] ..TIMER: vector=0x30 apic1=0 pin1=2 apic2=-1 pin2=-1
[    4.234091] smpboot: CPU0: Intel(R) Core(TM) i5-6500 CPU @ 3.20GHz (family: 0x6, model: 0x5e, stepping: 0x3)
[    4.287228] Performance Events: unsupported p6 CPU model 94 no PMU driver, software events only.
[    4.343938] KVM setup paravirtual spinlock
[    4.373843] x86: Booting SMP configuration:
[    4.379869] .... node  #0, CPUs:      #1
[    4.401969] kvm-clock: cpu 1, msr 0:5ffe3041, secondary cpu clock
[    4.451848] mce: CPU supports 0 MCE banks
[    4.478587] x86: Booted up 1 node, 2 CPUs
[    4.483758] smpboot: Total of 2 processors activated (12767.99 BogoMIPS)
[    4.515672] devtmpfs: initialized
[    4.528532] evm: security.selinux
[    4.551441] evm: security.SMACK64
[    4.576712] evm: security.SMACK64EXEC
[    4.581969] evm: security.SMACK64TRANSMUTE
[    4.586932] evm: security.SMACK64MMAP
[    4.590662] evm: security.ima
[    4.644692] evm: security.capability
[    4.646392] clocksource: jiffies: mask: 0xffffffff max_cycles: 0xffffffff, max_idle_ns: 7645041785100000 ns
[    4.723013] futex hash table entries: 512 (order: 3, 32768 bytes)
[    4.725344] pinctrl core: initialized pinctrl subsystem
[    4.733786] RTC time:  7:20:23, date: 06/15/18
[    4.744208] NET: Registered protocol family 16
[    4.768890] cpuidle: using governor ladder
[    4.804941] cpuidle: using governor menu
[    4.813331] PCCT header not found.
[    4.829245] ACPI: bus type PCI registered
[    4.846294] acpiphp: ACPI Hot Plug PCI Controller Driver version: 0.5
[    4.889355] PCI: Using configuration type 1 for base access
[    4.941648] ACPI: Added _OSI(Module Device)
[    4.973636] ACPI: Added _OSI(Processor Device)
[    4.985074] ACPI: Added _OSI(3.0 _SCP Extensions)
[    5.011878] ACPI: Added _OSI(Processor Aggregator Device)
[    5.029095] ACPI: Executed 1 blocks of module-level executable AML code
[    5.055665] ACPI: Interpreter enabled
[    5.059104] ACPI: (supports S0 S5)
[    5.060552] ACPI: Using IOAPIC for interrupt routing
[    5.062688] PCI: Using host bridge windows from ACPI; if necessary, use "pci=nocrs" and report a bug
[    5.075097] ACPI: PCI Root Bridge [PCI0] (domain 0000 [bus 00-ff])
[    5.093183] acpi PNP0A03:00: _OSC: OS supports [ASPM ClockPM Segments MSI]
[    5.095658] acpi PNP0A03:00: _OSC: not requesting OS control; OS requires [ExtendedConfig ASPM ClockPM MSI]
[    5.099090] acpi PNP0A03:00: fail to add MMCONFIG information, can't access extended PCI configuration space under this bridge.
[    5.111105] PCI host bridge to bus 0000:00
[    5.112655] pci_bus 0000:00: root bus resource [io  0x0000-0x0cf7 window]
[    5.114949] pci_bus 0000:00: root bus resource [io  0x0d00-0xffff window]
[    5.117396] pci_bus 0000:00: root bus resource [mem 0x000a0000-0x000bffff window]
[    5.120284] pci_bus 0000:00: root bus resource [mem 0x60000000-0xfdffffff window]
[    5.123121] pci_bus 0000:00: root bus resource [bus 00-ff]
[    5.127036] pci 0000:00:01.1: legacy IDE quirk: reg 0x10: [io  0x01f0-0x01f7]
[    5.136131] pci 0000:00:01.1: legacy IDE quirk: reg 0x14: [io  0x03f6]
[    5.151990] pci 0000:00:01.1: legacy IDE quirk: reg 0x18: [io  0x0170-0x0177]
[    5.154551] pci 0000:00:01.1: legacy IDE quirk: reg 0x1c: [io  0x0376]
[    5.175466] pci 0000:00:07.0: quirk: [io  0x4000-0x403f] claimed by PIIX4 ACPI
[    5.178550] pci 0000:00:07.0: quirk: [io  0x4100-0x410f] claimed by PIIX4 SMB
[    5.204893] ACPI: PCI Interrupt Link [LNKA] (IRQs 5 9 10 *11)
[    5.214859] ACPI: PCI Interrupt Link [LNKB] (IRQs 5 9 *10 11)
[    5.217326] ACPI: PCI Interrupt Link [LNKC] (IRQs 5 *9 10 11)
[    5.219919] ACPI: PCI Interrupt Link [LNKD] (IRQs 5 9 10 *11)
[    5.222464] ACPI: Enabled 2 GPEs in block 00 to 07
[    5.224486] vgaarb: setting as boot device: PCI:0000:00:02.0
[    5.226775] vgaarb: device added: PCI:0000:00:02.0,decodes=io+mem,owns=io+mem,locks=none
[    5.229800] vgaarb: loaded
[    5.230960] vgaarb: bridge control possible 0000:00:02.0
[    5.233115] SCSI subsystem initialized
[    5.234685] ACPI: bus type USB registered
[    5.237768] usbcore: registered new interface driver usbfs
[    5.239687] usbcore: registered new interface driver hub
[    5.241645] usbcore: registered new device driver usb
[    5.252449] PCI: Using ACPI for IRQ routing
[    5.254322] NetLabel: Initializing
[    5.255615] NetLabel:  domain hash size = 128
[    5.257200] NetLabel:  protocols = UNLABELED CIPSOv4
[    5.258962] NetLabel:  unlabeled traffic allowed by default
[    5.270188] amd_nb: Cannot enumerate AMD northbridges
[    5.272079] clocksource: Switched to clocksource kvm-clock
[    5.284476] AppArmor: AppArmor Filesystem Enabled
[    5.286435] pnp: PnP ACPI init
[  588509] pnp: PnP ACPI: found 3 devices

[  5096] closorc: acpi_pm: mask: 0xffffff m_cle 0xffffff, max_idle_ns: 2085701024 ns
[   .804 N: gited rooc family 2

[    6.308406] TCP established hash table entries: 16384 (order: 5, 131072 bytes)
[    6.353] CPind hash table entries: 16384 (order: 6, 262144 bytes
[  6.541998] TCP: Hash bls conigedesblshd 384 bin16384)
   7.0370] UDP hash table entries: 1024 (order: 3, 2768 byes)
[   7.202819] UDP-Lite hash table entries: 1024 (order: 3, 32768 bytes)
[  7233258] NET: Registered protocol family 1
[    7.322448] pci 0000:00:00.0: Limiting direct PCI/PCI transfers
[    7.324778 pci 0000:00:01.0: Activating ISA DMA hang workarounds
[    7.354354] Unpacking initramfs...

[    9.645774] Freeing initrd memory: 10812K
[    9.654233] platform rc_cmo: registered platform RTC deic(nPNdeceound
  0.27] anning for low memory corruption every 60 seconds

[   10.281799] audit: initializing netlink subsys (disabled)
[   10.297524] audit: type=2000 audit(1529047229.117:1): initialized
[   10.302168] Initialise system trusted keyring
[   10.313099] HugeTLB registered 2 MB page size, pre-allocated 0 pages
[   10.323446] zbud: loaded
[   10.326222] VFS: Disk quotas dquot_6.6.0
[   10.328025] VFS: Dquot-cache hash table entries: 512 (order 0, 4096 bytes)
[   10.330895] squashfs: version 4.0 (2009/01/31) Phillip Lougher
[   10.333495] fuse init (API version 7.23)
[   10.335379] Key type big_key registered
[   10.337177] Allocating IMA MOK and blacklist keyrings.
[   10.341120] Key type asymmetric registered
[   10.343071] Asymmetric key parser 'x509' registered
[   10.345178] Block layer SCSI generic (bsg) driver version 0.4 loaded (major 249)
[   10.367712] io scheduler noop registered
[   10.376388] io scheduler deadline registered (default)
[   10.384614] io scheduler cfq registered
[   10.386290] pci_hotplug: PCI Hot Plug PCI Core version: 0.5
[   10.388760] pciehp: PCI Express Hot Plug Controller Driver version: 0.4
[   10.397938] ACPI: AC Adapter [AC] (on-line)
[   10.399727] input: Power Button as /devices/LNXSYSTM:00/LNXPWRBN:00/input/input0
[   10.402827] ACPI: Power Button [PWRF]
[   10.404443] input: Sleep Button as /devices/LNXSYSTM:00/LNXSLPBN:00/input/input1
[   10.407420] ACPI: Sleep Button [SLPF]
[   10.409149] GHES: HEST is not enabled!
[   10.410744] Serial: 8250/16550 driver, 32 ports, IRQ sharing enabled
[   10.435739] 00:02: ttyS0 at I/O 0x3f8 (irq = 4, base_baud = 115200) is a 16550A
[   10.439936] Linux agpgart interface v0.103
[   10.443417] loop: module loaded
[   10.445473] scsi host0: ata_piix
[   10.447026] scsi host1: ata_piix
[   10.448614] ata1: PATA max UDMA/33 cmd 0x1f0 ctl 0x3f6 bmdma 0xd000 irq 14
[   10.451263] ata2: PATA max UDMA/33 cmd 0x170 ctl 0x376 bmdma 0xd008 irq 15
[   10.453949] libphy: Fixed MDIO Bus: probed
[   10.455737] tun: Universal TUN/TAP device driver, 1.6
[   10.457704] tun: (C) 1999-2004 Max Krasnyansky <maxk@qualcomm.com>
[   10.460094] PPP generic driver versi 2.4.2
[   10.515820] ehci_hcd: USB 2.0 'Enhanced' Host Controller (EHCI) Driver
[   10.518085] ehci-pci: EHCI PCI platform driver
[   10.519728] ehci-platform: EHCI generic platform driver
[   10.521775] ohci_hcd: USB 1.1 'Open' Host Controller (OHCI) Driver
[   10.524140] ohci-pci: OHCI PCI platform driver
[   10.526017] ohci-platform: OHCI generic platform driver
[   10.528130] uhci_hcd: USB Universal Host Controller Interface driver
[   10.530815] i8042: PNP: PS/ Controller [PNP0303:PS2K,PNP0f03:PS2M] at 0x60,0x64 irq 1,12
[   10.559657] serio: i8042 KBD port at 0x60,0x64 irq 1
[   10.561422] serio: i8042 AUX port at 0x60,0x64 irq 12
[   10.563330] mousedev: PS/2 mouse device common for all mice
[   10.565542] input: AT Translated Set 2 keyboard as /devices/platform/i8042/serio0/input/input2

[   10.569031] rtc_cmos rtc_cmos: rtc core: registered rtc_cmos as rtc0
[   10.571370] rtc_cmos rtc_cmos: alarms up to ne day, 114 bytes nvram
[   10.609640] i2c /dev entries driver
[   10.611032] device-mapper: uevent: version 1.0.3
[   10.612918] device-mapper: ioctl: 4.34.0-ioctl (2015-10-28) initialised: dm-devel@redhat.com
[ 10616190] ledtrig-cpu: registered to indicate  activity on CPUs
[   10.697168] tsc: Refined TSC clocksource calibration: 3193.142 MHz
[   10.699364] clocksource: tsc: mask: 0xffffffffffffffff max_cycles: 0x2e06fbab77f, max_idle_ns: 440795270064 ns
[   10.703752] NET: Registered protocol family 10
[   10.705814] NET: Registered protocol family 17
[   10.707600] Key type dns_resolver registered
[   10.709639] registered taskstats version 1
[   10.711429] Loading compiled-in X.509 certificates
[   10.713934] Loaded X.509 cert 'Build time autogenerated kernel key: 97a7db5071cab428e7f67f96f51ed8d32b3fc527'
[   10.717878] zswap: loaded using pool lzo/zbud
[   10.721304] Key type trusted registered
[   10.726639] Key type encrypted registered
[   10.728421] AppArmor: AppArmor sha1 policy hashing enabled
[   10.730698] ima: No TPM chip found, activating TPM-bypass!
[   10.732851] evm: HMAC attrs: 0x1
[   10.734518]   Magic number: 6:139:319
[   10.735991] tty tty44: hash matches
[   10.737618] rtc_cmos rtc_cmos: setting system clock to 2018-06-15 07:20:29 UTC (1529047229)
[   10.741096] BIOS EDD facility v0.16 2004-Jun-25, 0 devices found
[   10.743417] EDD information not available.
[   10.752610] Freeing unused kernel memory: 1508K
[   10.754547] Write protecting the kernel read-only data: 14336k
[   10.757480] Freeing unused kernel memory: 1696K
[   10.759775] Freeing unused kernel memory: 100K
Loading, please wait...
starting version 229
[   10.781709] random: udevadm: uninitialized urandom read (16 bytes read, 3 bits of entropy available)
[   10.781775] random: systemd-udevd: uninitialized urandom read (16 bytes read, 3 bits of entropy available)
[   10.781842] random: systemd-udevd: uninitialized urandom read (16 bytes read, 3 bits of entropy available)
[   10.781857] random: systemd-udevd: uninitialized urandom read (16 bytes read, 3 bits of entropy available)
[   10.781877] random: systemd-udevd: uninitialized urandom read (16 bytes read, 3 bits of entropy available)
[   10.807353] random: udevadm: uninitialized urandom read (16 bytes read, 3 bits of entropy available)
[   10.816765] random: systemd-udevd: uninitialized urandom read (16 bytes read, 3 bits of entropy available)
[   10.820618] random: systemd-udevd: uninitialized urandom read (16 bytes read, 3 bits of entropy available)
[   10.823144] random: udevadm: uninitialized urandom read (16 bytes read, 3 bits of entropy available)
[   10.823183] random: udevadm: uninitialized urandom read (16 bytes read, 3 bits of entropy available)
[   10.864488] e1000: Intel(R) PRO/1000 Network Driver - version 7.3.21-k8-NAPI
[   10.867160] e1000: Copyright (c) 1999-2006 Intel Corporation.
[   10.869529] Fusion MPT base driver 3.04.20
[   10.871134] Copyright (c) 1999-2008 LSI Corporation
[   10.893342] AVX2 version of gcm_enc/dec engaged.
[   10.895363] AES CTR mode by8 optimization enabled
[   10.924622] Fusion MPT SPI Host driver 3.04.20
[   11.091978] input: ImExPS/2 Generic Explorer Mouse as /devices/platform/i8042/serio1/input/input4
[   11.273515] e1000 0000:00:03.0 eth0: (PCI:33MHz:32-bit) 02:a3:be:24:b1:4f
[   11.289291] e1000 0000:00:03.0 eth0: Intel(R) PRO/1000 Network Connection
[   11.722526] e1000 0000:00:08.0 eth1: (PCI:33MHz:32-bit) 08:00:27:ee:b9:53
[   11.809451] e1000 0000:00:08.0 eth1: Intel(R) PRO/1000 Network Connection
[   11.840906] e1000 0000:00:03.0 enp0s3: renamed from eth0
[   11.846445] mptbase: ioc0: Initiating bringup
[   11.865095] e1000 0000:00:08.0 enp0s8: renamed from eth1
[   12.462232] ioc0: LSI53C1030 A0: Capabilities={Initiator}
[   13.325068] scsi host2: ioc0: LSI53C1030 A0, FwRev=00000000h, Ports=1, MaxQ=256, IRQ=20
[   15.683663] scsi 2:0:0:0: Direct-Access     VBOX     HARDDISK         1.0  PQ: 0 ANSI: 5
[   15.690226] scsi target2:0:0: Beginning Domain Validation
[   15.695256] scsi target2:0:0: Domain Validation skipping write tests
[   15.701540] scsi target2:0:0: Ending Domain Validation
[   15.710862] scsi target2:0:0: asynchronous
[   15.728167] scsi 2:0:1:0: Direct-Access     VBOX     HARDDISK         1.0  PQ: 0 ANSI: 5
[   15.732288] scsi target2:0:1: Beginning Domain Validation
[   15.747889] scsi target2:0:1: Domain Validation skipping write tests
[   15.755026] scsi target2:0:1: Ending Domain Validation
[   15.757227] scsi target2:0:1: asynchronous
[   15.774192] sd 2:0:0:0: Attached scsi generic sg0 type 0
[   15.777782] sd 2:0:0:0: [sda] 20971520 512-byte logical blocks: (10.7 GB/10.0 GiB)
[   15.788257] sd 2:0:1:0: Attached scsi generic sg1 type 0
[   15.790177] sd 2:0:1:0: [sdb] 20480 512-byte logical blocks: (10.5 MB/10.0 MiB)
[   15.790360] sd 2:0:0:0: [sda] Write Protect is off
[   15.790469] sd 2:0:0:0: [sda] Incomplete mode parameter data
[   15.790470] sd 2:0:0:0: [sda] Assuming drive cache: write through
[   15.796354]  sda: sda1
[   15.797073] sd 2:0:0:0: [sda] Attached SCSI disk
[   15.812621] sd 2:0:1:0: [sdb] Write Protect is off
[   15.815079] sd 2:0:1:0: [sdb] Incomplete mode parameter data
[   15.817928] sd 2:0:1:0: [sdb] Assuming drive cache: write through
[   15.822965] sd 2:0:1:0: [sdb] Attached SCSI disk
Begin: Loading e[   17.304176] md: linear personality registered for level -1
ssential drivers ... [   17.315092] md: multipath personality registered for level -4
[   17.354922] md: raid0 personality registered for level 0
[   17.376350] md: raid1 personality registered for level 1
[   17.468157] raid6: sse2x1   gen() 11120 MB/s
[   17.544380] raid6: sse2x1   xor()  7982 MB/s
[   17.636122] raid6: sse2x2   gen() 13313 MB/s
[   17.720612] raid6: sse2x2   xor()  8269 MB/s
[   17.796126] raid6: sse2x4   gen() 15321 MB/s
[   17.864451] raid6: sse2x4   xor() 10176 MB/s
[   17.932375] raid6: avx2x1   gen() 22102 MB/s
[   18.016377] raid6: avx2x2   gen() 25187 MB/s
[   18.084706] raid6: avx2x4   gen() 27988 MB/s
[   18.094465] raid6: using algorithm avx2x4 gen() 27988 MB/s
[   18.102663] raid6: using avx2x2 recovery algorithm
[   18.105821] xor: automatically using best checksumming function:
[   18.156372]    avx       : 20455.000 MB/sec
[   18.166624] async_tx: api initialized (async)
[   18.182011] md: raid6 personality registered for level 6
[   18.191161] md: raid5 personality registered for level 5
[   18.193427] md: raid4 personality registered for level 4
[   18.201003] md: raid10 personality registered for level 10
done.
Begin: Running /scripts/init-premount ... done.
Begin: Mounting root file system ... Begin: Running /scripts/local-top ... done.
Begin: Running /scripts/local-premount ... [   18.244049] Btrfs loaded
Scanning for Btrfs filesystems
done.
Warning: fsck not present, so skipping root file system
[   18.289819] EXT4-fs (sda1): mounted filesystem with ordered data mode. Opts: (null)
done.
Begin: Running /scripts/local-bottom ... done.
Begin: Running /scripts/init-bottom ... done.
[   18.385135] systemd[1]: systemd 229 running in system mode. (+PAM +AUDIT +SELINUX +IMA +APPARMOR +SMACK +SYSVINIT +UTMP +LIBCRYPTSETUP +GCRYPT +GNUTLS +ACL +XZ -LZ4 +SECCOMP +BLKID +ELFUTILS +KMOD -IDN)
[   18.431798] systemd[1]: Detected virtualization oracle.
[   18.462720] systemd[1]: Detected architecture x86-64.

Welcome to [1mUbuntu 16.04.4 LTS[0m!

[   18.485245] systemd[1]: Set hostname to <ubuntu>.
[   18.506594] systemd[1]: Initializing machine ID from random generator.
[   18.516686] systemd[1]: Installed transient /etc/machine-id file.
[   18.664523] systemd[1]: Listening on Syslog Socket.
[[0;32m  OK  [0m] Listening on Syslog Socket.
[   18.708880] systemd[1]: Reached target Encrypted Volumes.
[[0;32m  OK  [0m] Reached target Encrypted Volumes.
[   18.724767] systemd[1]: Created slice System Slice.
[[0;32m  OK  [0m] Created slice System Slice.
[   18.753059] systemd[1]: Created slice system-serial\x2dgetty.slice.
[[0;32m  OK  [0m] Created slice system-serial\x2dgetty.slice.
[   18.785471] systemd[1]: Created slice User and Session Slice.
[[0;32m  OK  [0m] Created slice User and Session Slice.
[   18.848529] systemd[1]: Listening on LVM2 poll daemon socket.
[[0;32m  OK  [0m] Listening on LVM2 poll daemon socket.
[   18.853831] systemd[1]: Reached target Swap.
[[0;32m  OK  [0m] Reached target Swap.
[   18.877799] systemd[1]: Listening on LVM2 metadata daemon socket.
[[0;32m  OK  [0m] Listening on LVM2 metadata daemon socket.
[   18.887807] systemd[1]: Listening on udev Kernel Socket.
[[0;32m  OK  [0m] Listening on udev Kernel Socket.
[   18.895513] systemd[1]: Reached target Slices.
[[0;32m  OK  [0m] Reached target Slices.
[   18.902726] systemd[1]: Listening on Device-mapper event daemon FIFOs.
[[0;32m  OK  [0m] Listening on Device-mapper event daemon FIFOs.
[   18.908403] systemd[1]: Started Trigger resolvconf update for networkd DNS.
[[0;32m  OK  [0m] Started Trigger resolvconf update for networkd DNS.
[   18.930072] systemd[1]: Listening on Journal Socket.
[[0;32m  OK  [0m] Listening on Journal Socket.
[   18.960668] systemd[1]: Starting Set console keymap...
         Starting Set console keymap...
[   18.971861] systemd[1]: Starting Load Kernel Modules...
         Starting Load Kernel Modules...
[   18.997245] Loading iSCSI transport class v2.0-870.
[   18.997672] systemd[1]: Starting Remount Root and Kernel File Systems...
         Startin[   19.010608] EXT4-fs (sda1): re-mounted. Opts: (null)
g Remount Root and Kernel File Systems...
[   19.040352] systemd[1]: Starting Nameserver information manager...
         Starting Nameserver information manager...
[   19.054343] iscsi: registered transport (tcp)
[   19.056962] systemd[1]: Mounting Debug File System...
         Mounting Debug File System...
[   19.062753] systemd[1]: Mounting Huge Pages File System...
         Mounting Huge Pages File System...
[   19.069481] systemd[1]: Starting Create list of required static device nodes for the current kernel...
         Starting Create list of required st... nodes for the current ker[   19.098360] iscsi: registered transport (iser)
nel...
[   19.106631] systemd[1]: Listening on /dev/initctl Compatibility Named Pipe.
[[0;32m  OK  [0m] Listening on /dev/initctl Compatibility Named Pipe.
[   19.128466] systemd[1]: Mounting POSIX Message Queue File System...
         Mounting POSIX Message Queue File System...
[   19.133080] systemd[1]: Reached target System Time Synchronized.
[[0;32m  OK  [0m] Reached target System Time Synchronized.
[   19.138219] systemd[1]: Starting Uncomplicated firewall...
         Starting Uncomplicated firewall...
[   19.142439] systemd[1]: Set up automount Arbitrary Executable File Formats File System Automount Point.
[[0;32m  OK  [0m] Set up automount Arbitrary Executab...ats File System Automount Point.
[   19.151033] systemd[1]: Starting Monitoring of LVM2 mirrors, snapshots etc. using dmeventd or progress polling...
         Starting Monitoring of LVM2 mirrors... dmeventd or progress polling...
[   19.157636] random: nonblocking pool is initialized
[   19.159814] systemd[1]: Reached target User and Group Name Lookups.
[[0;32m  OK  [0m] Reached target User and Group Name Lookups.
[   19.165121] systemd[1]: Started Forward Password Requests to Wall Directory Watch.
[[0;32m  OK  [0m] Started Forward Password Requests to Wall Directory Watch.
[   19.171590] systemd[1]: Listening on udev Control Socket.
[[0;32m  OK  [0m] Listening on udev Control Socket.
[   19.176906] systemd[1]: Listening on Journal Audit Socket.
[[0;32m  OK  [0m] Listening on Journal Audit Socket.
[   19.188554] systemd[1]: Listening on Journal Socket (/dev/log).
[[0;32m  OK  [0m] Listening on Journal Socket (/dev/log).
[   19.204624] systemd[1]: Starting Journal Service...
         Starting Journal Service...
[   19.218928] systemd[1]: Mounted Huge Pages File System.
[[0;32m  OK  [0m] Mounted Huge Pages File System.
[   19.233056] systemd[1]: Mounted POSIX Message Queue File System.
[[0;32m  OK  [0m] Mounted POSIX Message Queue File System.
[   19.238057] systemd[1]: Mounted Debug File System.
[[0;32m  OK  [0m] Mounted Debug File System.
[   19.242411] systemd[1]: Started Journal Service.
[[0;32m  OK  [0m] Started Journal Service.
[[0;32m  OK  [0m] Started Set console keymap.
[[0;32m  OK  [0m] Started Load Kernel Modules.
[[0;32m  OK  [0m] Started Remount Root and Kernel File Systems.
[[0;32m  OK  [0m] Started Create list of required sta...ce nodes for the current kernel.
[[0;32m  OK  [0m] Started Uncomplicated firewall.
[[0;32m  OK  [0m] Started Nameserver information manager.
[[0;32m  OK  [0m] Started LVM2 metadata daemon.
         Starting Create Static Device Nodes in /dev...
         Starting Load/Save Random Seed...
         Starting udev Coldplug all Devices...
         Mounting FUSE Control File System...
         Starting Apply Kernel Variables...
         Starting Flush Journal to Persistent Storage...
[[0;32m  OK  [0m] Mounted FUSE Control File System.
[[0;32m  OK  [0m] Started Create Static Device Nodes in /dev.
[[0;32m  OK  [0m] Started Load/Save Random Seed.
[[0;32m  OK  [0m] Started Apply Kernel Variables.
[[0;32m  OK  [0m] Started udev Coldplug all Devices.
[[0;32m  OK  [0m] Started Flush Journal to Persistent Storage.
         Starting udev Kernel Device Manager...
[[0;32m  OK  [0m] Started udev Kernel Device Manager.
[[0;32m  OK  [0m] Started Dispatch Password Requests to Console Directory Watch.
[[0;32m  OK  [0m] Found device /dev/ttyS0.
[[0;32m  OK  [0m] Listening on Load/Save RF Kill Switch Status /dev/rfkill Watch.
[[0;32m  OK  [0m] Started Monitoring of LVM2 mirrors,...ng dmeventd or progress polling.
[[0;32m  OK  [0m] Reached target Local File Systems (Pre).
[[0;32m  OK  [0m] Reached target Local File Systems.
         Starting LSB: AppArmor initialization...
         Starting Create Volatile Files and Directories...
         Starting Tell Plymouth To Write Out Runtime Data...
         Starting Set console font and keymap...
         Starting Initial cloud-init job (pre-networking)...
         Starting Commit a transient machine-id on disk...
[[0;32m  OK  [0m] Started Create Volatile Files and Directories.
[[0;32m  OK  [0m] Started Tell Plymouth To Write Out Runtime Data.
[[0;32m  OK  [0m] Started Commit a transient machine-id on disk.
         Starting Update UTMP about System Boot/Shutdown...
[[0;32m  OK  [0m] Started Update UTMP about System Boot/Shutdown.
[[0;32m  OK  [0m] Started Set console font and keymap.
[[0;32m  OK  [0m] Created slice system-getty.slice.
[   17.800097] cloud-init[666]: Cloud-init v. 18.2 running 'init-local' at Fri, 15 Jun 2018 07:20:40 +0000. Up 17.27 seconds.
[[0;32m  OK  [0m] Started Initial cloud-init job (pre-networking).
[[0;32m  OK  [0m] Reached target Network (Pre).
[[0;32m  OK  [0m] Started LSB: AppArmor initialization.
         Starting Raise network interfaces...
[[0;32m  OK  [0m] Started Raise network interfaces.
[[0;32m  OK  [0m] Reached target Network.
         Starting Initial cloud-init job (metadata service crawler)...
[   19.505918] cloud-init[933]: Cloud-init v. 18.2 running 'init' at Fri, 15 Jun 2018 07:20:42 +0000. Up 18.73 seconds.
[   19.509974] cloud-init[933]: ci-info: ++++++++++++++++++++++++++++++++++++++Net device info++++++++++++++++++++++++++++++++++++++
[   19.514196] cloud-init[933]: ci-info: +--------+-------+----------------------------+---------------+-------+-------------------+
[   19.518541] cloud-init[933]: ci-info: | Device |   Up  |          Address           |      Mask     | Scope |     Hw-Address    |
[   19.548515] cloud-init[933]: ci-info: +--------+-------+----------------------------+---------------+-------+-------------------+
[   19.557474] cloud-init[933]: ci-info: | enp0s3 |  True |         10.0.2.15          | 255.255.255.0 |   .   | 02:a3:be:24:b1:4f |
[   19.585598] [[0;32m  OK  [0m] Started Initial cloud-init job (metadata service crawler).
[[0;32m  OK  [0m] Reached target Network is Online.
cloud-init[933]: ci-info: | enp0s3 |  True | fe80::a3:beff:fe24:b14f/64 |       .       |  link | 02:a3:be:24:b1:4f |
[   19.601343]          Starting iSCSI initiator daemon (iscsid)...
[[0;32m  OK  [0m] Reached target System Initialization.
cloud-init[933]: ci-info: | enp0s8 | False |             .              |       .       |   .   | 08:00:27:ee:b9:53 |
[   19.616118] cloud-init[933]: ci-info: |   lo   |  True |         127.0.0.1          |   255.0.0.0   |   .   |         .         |
         Starting LXD - unix socket.
[[0;32m  OK  [0m] Listening on UUID daemon activation socket.
[[0;32m  OK  [0m] Listening on D-Bus System Message Bus Socket.
[[0;32m  OK  [0m] Started Daily Cleanup of Temporary Directories.
[[0;32m  OK  [0m] Listening on ACPID Listen Socket.
[   19.616682] cloud-init[933]: ci-info: |   lo   |  True |          ::1/128           |       .       |  host |         .         |
[   19.651820] [[0;32m  OK  [0m] Started ACPI Events Check.
[[0;32m  OK  [0m] Reached target Paths.
[[0;32m  OK  [0m] Started Daily apt download activities.
[[0;32m  OK  [0m] Started Daily apt upgrade and clean activities.
[[0;32m  OK  [0m] Reached target Timers.
cloud-init[933]: ci-info: +--------+-------+----------------------------+---------------+-------+-------------------+
[   19.709886]          Starting Socket activation for snappy daemon.
[[0;32m  OK  [0m] Reached target Cloud-config availability.
cloud-init[933]: ci-info: +++++++++++++++++++++++++++Route IPv4 info++++++++++++++++++++++++++++
[   19.716314] cloud-init[933]: ci-info: +-------+-------------+----------+---------------+-----------+-------+
[   19.722596] cloud-init[933]: ci-info: | Route | Destination | Gateway  |    Genmask    | Interface | Flags |
[   19.798611] [cloud-init[0;32m  OK  [0m[933]: ] ci-info: +-------+-------------+----------+---------------+-----------+-------+Listening on LXD - unix socket.

[   19.799201] [[0;32m  OK  [0m] Listening on Socket activation for snappy daemon.
[[0;32m  OK  [0m] Started iSCSI initiator daemon (iscsid).
cloud-init[933]: ci-info: |   0   |   0.0.0.0   | 10.0.2.2 |    0.0.0.0    |   enp0s3  |   UG  |
[   19.831181] cloud-init[933]: ci-info: |   1   |   10.0.2.0  | 0.0.0.0  | 255.255.255.0 |   enp0s3  |   U   |
[   19.834914] cloud-init[933]: ci-info: +-------+-------------+----------+---------------+-----------+-------+
[   19.838605] cloud-init[933]: Generating public/private rsa key pair.         Starting Login to default iSCSI targets...
[[0;32m  OK  [0m] Reached target Sockets.
[[0;32m  OK  [0m] Reached target Basic System.

[   19.853409] [[0;32m  OK  [0m] Started Deferred execution scheduler.
cloud-init[[0;32m  OK  [0m] Started ACPI event daemon.
[933]: [[0;32m  OK  [0m] Started Regular background program processing daemon.
         Starting System Logging Service...
Your identification has been saved in /etc/ssh/ssh_host_rsa_key.
[   19.873270]          Starting LXD - container startup/shutdown...
         Starting Login Service...
[[0;32m  OK  [0m] Started FUSE filesystem for LXC.
         Starting /etc/rc.local Compatibility...
         Starting Accounts Service...
cloud-init         Starting Apply the settings specified in cloud-config...
         Starting Virtualbox guest utils...
         Starting Pollinate to seed the pseudo random number generator...
[933]: Your public key has been saved in /etc/ssh/ssh_host_rsa_key.pub.
         Starting Snappy daemon...
[[0;32m  OK  [0m] Started Unattended Upgrades Shutdown.
[   19.918187] cloud-init[933]: The key fingerprint is:
[   19.969926] cloud-init[933]: SHA256:qeveL3BvudgEaiAztdo0IFe6OkyzIAPHj1hRzuu6p8k root@ubuntu-xenial
         Starting LSB: MD monitoring daemon...
[[0;32m  OK  [0m] Started D-Bus System Message Bus.
[   20.003762] cloud-init[933]: The key's randomart image is:
[   20.026336] cloud-init[933]: +---[RSA 2048]----+
[   20.028585] cloud-init[933]: |  ..o            |
[   20.032857] cloud-init[933]: | . *             |
[   20.037040] cloud-init[933]: |o B +            |
[   20.043005] cloud-init[933]: |.* * o   .       |
[   20.088410] cloud-init[933]: |=o* B   S        |
         Starting LSB: Record successful boot for GRUB...
[[0;32m  OK  [0m] Started System Logging Service.
[[0;32m  OK  [0m] Started Snappy daemon.
[[0;32m  OK  [0m] Started LXD - container startup/shutdown.
[[0;32m  OK  [0m] Started /etc/rc.local Compatibility.
[   20.179954] cloud-init[933]: |=ooO o.o..       |
[   20.233060] cloud-init[933]: |oo. o +o ...     |
[   20.234856] cloud-init[933]: | o o.. o.++      |
[   20.260544] cloud-init[933]: |  E+ o+ o++.     |
[   20.262882] cloud-init[933]: +----[SHA256]-----+
[   20.318077] cloud-init[933]: Generating public/private dsa key pair.
[[0;32m  OK  [0m] Started Login to default iSCSI targets.
[   20.324998] cloud-init[933]: Your identification has been saved in /etc/ssh/ssh_host_dsa_key.
[   20.335232] cloud-init[933]: Your public key has been saved in /etc/ssh/ssh_host_dsa_key.pub.
[   20.352368] cloud-init[933]: The key fingerprint is:
[   20.354328] cloud-init[933]: SHA256:NhQSru7ifNHNTV17ft7b4yDSm92hqek7o2FEZDVAOQ4 root@ubuntu-xenial
[   20.358229] cloud-init[933]: The key's randomart image is:
[   20.360335] cloud-init[933]: +---[DSA 1024]----+
[   20.366249] cloud-init[933]: |      o.o=+o     |
[[0;32m  OK  [0m] Started LSB: MD monitoring daemon.
[   20.400033] cloud-init[933]: |     . Eo+  . .  |
[   20.420874] cloud-init[933]: |      . +... . . |
[[0;32m  OK  [0m] Started LSB: Record successful boot for GRUB.
[   20.430313] cloud-init[933]: |     . .... . . .|
[   20.438207] cloud-init[933]: |    .. oS+     o |
[   20.440165] cloud-init[933]: |   .. ..+.o     o|
[   20.442026] cloud-init[933]: |    ..   + o . oo|
[[0;32m  OK  [0m] Started Login Service.
[   20.450848] cloud-init[933]: | ....   . oo* =.=|
[   20.454747] cloud-init[933]: | .oo.    .oB=+.++|
[   20.457348] cloud-init[933]: +----[SHA256]-----+
         Starting Authenticate and Authorize Users to Run Privileged Tasks...
[[0;32m  OK  [0m] Reached target Remote File Systems (Pre).
[[0;32m  OK  [0m] Reached target Remote File Systems.
[   20.468319] cloud-init[933]: Generating public/private ecdsa key pair.
[   20.518036] cloud-init[933]: Your identification has been saved in /etc/ssh/ssh_host_ecdsa_key.
[   20.520979] cloud-init[933]: Your public key has been saved in /etc/ssh/ssh_host_ecdsa_key.pub.
         Starting Permit User Sessions...
         Starting LSB: daemon to balance interrupts for SMP systems...
         Starting LSB: Set the CPU Frequency Scaling governor to "ondemand"...
         Starting LSB: automatic crash report generation...
[[0;32m  OK  [0m] Started Virtualbox guest utils.
[[0;32m  OK  [0m] Started Authenticate and Authorize Users to Run Privileged Tasks.
[[0;32m  OK  [0m] Started Accounts Service.
[   20.523839] cloud-init[933]: The key fingerprint is:
[[0;32m  OK  [0m] Started Permit User Sessions.
[   20.597369] cloud-init[933]: SHA256:ZJZ9tjEmul9OVzmoJhFIHvPoad4wyTQ9MqBRFC3O2VA root@ubuntu-xenial
[   20.605860] cloud-init[933]: The key's randomart image is:
[   20.628318] [[0;32m  OK  [0m] Started LSB: Set the CPU Frequency Scaling governor to "ondemand".
cloud-init[933]: +---[ECDSA 256]---+
[   20.634740] cloud-init[933]: |   .o=+E         |
[   20.647009] cloud-init[933]: |    oo+.Bo       |
[   20.649320] cloud-init[933]: |   .o =O==o *    |
[   20.711202]          Starting Hold until boot process finishes up...
cloud-init[933]: |     ++=*.o= +. .|
[   20.714814] cloud-init[933]: |       OS.  .. o.|
[   20.731238]          Starting Terminate Plymouth Boot Screen...
[[0;32m  OK  [0m] Started LSB: daemon to balance interrupts for SMP systems.
cloud-init[933]: |      o +.. .  ..|
[   20.740234] [[0;32m  OK  [0m] Started LSB: automatic crash report generation.
[[0;32m  OK  [0m] Started Hold until boot process finishes up.
cloud-init[933]: |       ..o oo .  |
[   20.757875] cloud-init[[0;32m  OK  [0m] Started Terminate Plymouth Boot Screen.
[933]: |         .o+ .   |
[   20.765485] cloud-init[933]: |          . .    |
[   20.770197] cloud-init[933]: +----[SHA256]-----+
[   20.773705] cloud-init[933]: Generating public/private ed25519 key pair.
[   20.776547] cloud-init[933]: Your identification has been saved in /etc/ssh/ssh_host_ed25519_key.
[   20.781105] cloud-init[933]: Your public key has been saved in /etc/ssh/ssh_host_ed25519_key.pub.
[   20.806674] [[0;32m  OK  [0m] Started Serial Getty on ttyS0.
[[0;32m  OK  [0m] Started Getty on tty1.
[[0;32m  OK  [0m] Reached target Login Prompts.
         Starting Set console scheme...
cloud-init[933]: The key fingerprint is:
[   20.822235] cloud-init[933]: SHA256:AuVWdmoNDrZVvLpxgI9G7mVGa/2TOG48Iz8Be/4dxQc root@ubuntu-xenial
[   20.822325] cloud-init[933]: The key's randomart image is:
[   20.822397] cloud-init[933]: +--[ED25519 256]--+
[   20.822468] cloud-init[933]: |      + =oo      |
[[0;32m  OK  [0m] Started Set console scheme.
[   20.822537] cloud-init[933]: |     + B =.      |
[   20.895545] cloud-init[933]: |    . +.+ ..  E  |
[   20.897796] cloud-init[933]: |     oo.+ .    o |
[   20.900363] cloud-init[933]: |     o.+SB      +|
[   20.902909] cloud-init[933]: |      +.@ =    ..|
[   20.905605] cloud-init[933]: |     o = B + ..  |
[   20.908463] cloud-init[933]: |      . o X +. . |
[   20.911478] cloud-init[933]: |         =o*...  |
[   20.913933] cloud-init[933]: +----[SHA256]-----+
[   20.921941] cloud-init[1051]: Generating locales (this might take a while)...
[[0;32m  OK  [0m] Started Pollinate to seed the pseudo random number generator.
[   21.843653] cloud-init[1051]:   en_US.UTF-8... done
         Starting OpenBSD Secure Shell server...
[   21.865936] cloud-init[1051]: Generation complete.
[[0;32m  OK  [0m] Started OpenBSD Secure Shell server.
[[0;32m  OK  [0m] Reached target Multi-User System.
[[0;32m  OK  [0m] Reached target Graphical Interface.
         Starting Update UTMP about System Runlevel Changes...
[[0;32m  OK  [0m] Started Update UTMP about System Runlevel Changes.
[   22.170536] cloud-init[1051]: Cloud-init v. 18.2 running 'modules:config' at Fri, 15 Jun 2018 07:20:43 +0000. Up 20.47 seconds.
[[0;32m  OK  [0m] Started Apply the settings specified in cloud-config.
         Starting Execute cloud user/final scripts...
ci-info: no authorized ssh keys fingerprints found for user ubuntu.
<14>Jun 15 07:20:46 ec2: 
<14>Jun 15 07:20:46 ec2: #############################################################
<14>Jun 15 07:20:46 ec2: -----BEGIN SSH HOST KEY FINGERPRINTS-----
<14>Jun 15 07:20:46 ec2: 1024 SHA256:NhQSru7ifNHNTV17ft7b4yDSm92hqek7o2FEZDVAOQ4 root@ubuntu-xenial (DSA)
<14>Jun 15 07:20:46 ec2: 256 SHA256:ZJZ9tjEmul9OVzmoJhFIHvPoad4wyTQ9MqBRFC3O2VA root@ubuntu-xenial (ECDSA)
<14>Jun 15 07:20:46 ec2: 256 SHA256:AuVWdmoNDrZVvLpxgI9G7mVGa/2TOG48Iz8Be/4dxQc root@ubuntu-xenial (ED25519)
<14>Jun 15 07:20:46 ec2: 2048 SHA256:qeveL3BvudgEaiAztdo0IFe6OkyzIAPHj1hRzuu6p8k root@ubuntu-xenial (RSA)
<14>Jun 15 07:20:46 ec2: -----END SSH HOST KEY FINGERPRINTS-----
<14>Jun 15 07:20:46 ec2: #############################################################
-----BEGIN SSH HOST KEY KEYS-----
ecdsa-sha2-nistp256 AAAAE2VjZHNhLXNoYTItbmlzdHAyNTYAAAAIbmlzdHAyNTYAAABBBF5FpHNSFgnQMunAryNiPZ3duAPZdXo+2widKLx9G4yrSZhkns3FEcIK7xvBf1DyadFzOwQ99c4N04cnVwCR8jg= root@ubuntu-xenial
ssh-ed25519 AAAAC3NzaC1lZDI1NTE5AAAAIBCnYWfYF95K7K+CVRqoCLrnP8xJPx7OoNeeebjNj2AP root@ubuntu-xenial
ssh-rsa AAAAB3NzaC1yc2EAAAADAQABAAABAQC/NWxxRxgZof7K17YOjD3aIlhLD3MITvSGCtJMCFmHP7NR8/W3rUHnC/THfarN/JGbar6+C3OcYfhIw83Pu3TJ4hOVSZAai9Q9o6zwKnUBjpdg9nzw9CTdSeD5QLUsVyUVMz5zYdfkI8E7hGdE5hEbIgBIxMCW0CRhZ7kXtbiVFwAffG95e0DQbnxWylbIT6eiFlScbk+Bzl12VzUBSnTfAcJlIhmff6VCdG+mVUUTC7kE75xPVES/NLYpfhzXxxKRAH+trRXBquJ5ZezSH9AhZit5Ixy9jBuZ0/4n2cr+a8NcALfqI4+qGiMUN2w+yrekcWVA7vFAlE5X176XadFp root@ubuntu-xenial
-----END SSH HOST KEY KEYS-----
[   22.818727] cloud-init[1290]: Cloud-init v. 18.2 running 'modules:final' at Fri, 15 Jun 2018 07:20:46 +0000. Up 22.55 seconds.
[   22.822673] cloud-init[1290]: ci-info: no authorized ssh keys fingerprints found for user ubuntu.
[   22.825732] cloud-init[1290]: Cloud-init v. 18.2 finished at Fri, 15 Jun 2018 07:20:46 +0000. Datasource DataSourceNoCloud [seed=/dev/sdb][dsmode=net].  Up 22.81 seconds
[[0;32m  OK  [0m] Started Execute cloud user/final scripts.
[[0;32m  OK  [0m] Reached target Cloud-init target.

Ubuntu 16.04.4 LTS ubuntu-xenial ttyS0

ubuntu-xenial login: 